Determining if the pthread_create exist failed with the following output:
Change Dir: /home/jing/Documents/Scripts/temp_tests/Path_Set_Planning_Release/build/catkin_tools_prebuild/CMakeFiles/CMakeTmp

Run Build Command:"/usr/bin/make" "cmTC_cd090/fast"
/usr/bin/make -f CMakeFiles/cmTC_cd090.dir/build.make CMakeFiles/cmTC_cd090.dir/build
make[1]: Entering directory '/home/jing/Documents/Scripts/temp_tests/Path_Set_Planning_Release/build/catkin_tools_prebuild/CMakeFiles/CMakeTmp'
Building C object CMakeFiles/cmTC_cd090.dir/CheckSymbolExists.c.o
/usr/bin/cc    -o CMakeFiles/cmTC_cd090.dir/CheckSymbolExists.c.o   -c /home/jing/Documents/Scripts/temp_tests/Path_Set_Planning_Release/build/catkin_tools_prebuild/CMakeFiles/CMakeTmp/CheckSymbolExists.c
Linking C executable cmTC_cd090
/usr/bin/cmake -E cmake_link_script CMakeFiles/cmTC_cd090.dir/link.txt --verbose=1
/usr/bin/cc      -rdynamic CMakeFiles/cmTC_cd090.dir/CheckSymbolExists.c.o  -o cmTC_cd090 
CMakeFiles/cmTC_cd090.dir/CheckSymbolExists.c.o: In function `main':
CheckSymbolExists.c:(.text+0x1b): undefined reference to `pthread_create'
collect2: error: ld returned 1 exit status
CMakeFiles/cmTC_cd090.dir/build.make:97: recipe for target 'cmTC_cd090' failed
make[1]: *** [cmTC_cd090] Error 1
make[1]: Leaving directory '/home/jing/Documents/Scripts/temp_tests/Path_Set_Planning_Release/build/catkin_tools_prebuild/CMakeFiles/CMakeTmp'
Makefile:126: recipe for target 'cmTC_cd090/fast' failed
make: *** [cmTC_cd090/fast] Error 2

File /home/jing/Documents/Scripts/temp_tests/Path_Set_Planning_Release/build/catkin_tools_prebuild/CMakeFiles/CMakeTmp/CheckSymbolExists.c:
/* */
#include <pthread.h>

int main(int argc, char** argv)
{
  (void)argv;
#ifndef pthread_create
  return ((int*)(&pthread_create))[argc];
#else
  (void)argc;
  return 0;
#endif
}

Determining if the function pthread_create exists in the pthreads failed with the following output:
Change Dir: /home/jing/Documents/Scripts/temp_tests/Path_Set_Planning_Release/build/catkin_tools_prebuild/CMakeFiles/CMakeTmp

Run Build Command:"/usr/bin/make" "cmTC_c517f/fast"
/usr/bin/make -f CMakeFiles/cmTC_c517f.dir/build.make CMakeFiles/cmTC_c517f.dir/build
make[1]: Entering directory '/home/jing/Documents/Scripts/temp_tests/Path_Set_Planning_Release/build/catkin_tools_prebuild/CMakeFiles/CMakeTmp'
Building C object CMakeFiles/cmTC_c517f.dir/CheckFunctionExists.c.o
/usr/bin/cc   -DCHECK_FUNCTION_EXISTS=pthread_create   -o CMakeFiles/cmTC_c517f.dir/CheckFunctionExists.c.o   -c /usr/share/cmake-3.10/Modules/CheckFunctionExists.c
Linking C executable cmTC_c517f
/usr/bin/cmake -E cmake_link_script CMakeFiles/cmTC_c517f.dir/link.txt --verbose=1
/usr/bin/cc  -DCHECK_FUNCTION_EXISTS=pthread_create    -rdynamic CMakeFiles/cmTC_c517f.dir/CheckFunctionExists.c.o  -o cmTC_c517f -lpthreads 
/usr/bin/ld: cannot find -lpthreads
collect2: error: ld returned 1 exit status
CMakeFiles/cmTC_c517f.dir/build.make:97: recipe for target 'cmTC_c517f' failed
make[1]: *** [cmTC_c517f] Error 1
make[1]: Leaving directory '/home/jing/Documents/Scripts/temp_tests/Path_Set_Planning_Release/build/catkin_tools_prebuild/CMakeFiles/CMakeTmp'
Makefile:126: recipe for target 'cmTC_c517f/fast' failed
make: *** [cmTC_c517f/fast] Error 2


